<?xml version="1.0" encoding="UTF-8"?>
<!-- Generated by org.testng.reporters.JUnitXMLReporter -->
<testsuite hostname="MC-0126" ignored="0" name="Surefire test" tests="12" failures="0" timestamp="20 Jun 2019 14:06:54 GMT" time="63.367" errors="0">
  <testcase name="freeRegister" time="3.085" classname="tests.FreeRegisterTests"/>
  <testcase name="registration12m" time="8.441" classname="tests.SubscriptionsTests"/>
  <testcase name="registration1m" time="6.452" classname="tests.SubscriptionsTests"/>
  <testcase name="registration6m" time="7.926" classname="tests.SubscriptionsTests"/>
  <testcase name="getIDToken" time="0.251" classname="tests.GetTokenIdTests"/>
  <testcase name="changePasswordForRegisteredUser" time="3.044" classname="tests.ChangePasswordTests"/>
  <testcase name="changePasswordForSubscribedUser" time="9.852" classname="tests.ChangePasswordTests"/>
  <testcase name="loginWithRegisteredUser" time="3.78" classname="tests.LoginTests"/>
  <testcase name="loginWithSubscribedUser" time="8.607" classname="tests.LoginTests"/>
  <testcase name="changeAttributesForRegisteredUser" time="3.13" classname="tests.ChangeAttributesTests"/>
  <testcase name="changeAttributesForSubscribedUser" time="8.64" classname="tests.ChangeAttributesTests"/>
  <testcase name="getContent" time="0.002" classname="tests.ContentTests"/>
</testsuite> <!-- Surefire test -->
