<?xml version="1.0" encoding="UTF-8"?>
<!-- Generated by org.testng.reporters.JUnitXMLReporter -->
<testsuite hostname="MC-0126" ignored="0" tests="4" failures="0" timestamp="27 May 2019 11:42:23 GMT" time="18.432" errors="0">
  <testcase name="freeRegister" time="3.666" classname="APITest"/>
  <testcase name="getIDToken" time="0.928" classname="APITest"/>
  <testcase name="loginWithRegisteredUser" time="3.407" classname="LoginTests"/>
  <testcase name="loginWithSubscribedUser" time="10.294" classname="LoginTests"/>
</testsuite>
