<?xml version="1.0" encoding="UTF-8"?>
<!-- Generated by org.testng.reporters.JUnitXMLReporter -->
<testsuite hostname="MC-0126" ignored="10" name="Test run  and for tests1 groups" tests="2" failures="0" timestamp="17 Jun 2019 08:42:43 GMT" time="9.17" errors="0">
  <testcase name="freeRegister" time="4.752" classname="tests.FreeRegisterTests"/>
  <testcase name="registration6m" time="4.168" classname="tests.SubscriptionsTests"/>
  <testcase name="changePasswordForRegisteredUser" time="0.0" classname="tests.ChangePasswordTests">
    <ignored/>
  </testcase> <!-- changePasswordForRegisteredUser -->
  <testcase name="changePasswordForSubscribedUser" time="0.0" classname="tests.ChangePasswordTests">
    <ignored/>
  </testcase> <!-- changePasswordForSubscribedUser -->
  <testcase name="loginWithRegisteredUser" time="0.0" classname="tests.LoginTests">
    <ignored/>
  </testcase> <!-- loginWithRegisteredUser -->
  <testcase name="registration12m" time="0.0" classname="tests.SubscriptionsTests">
    <ignored/>
  </testcase> <!-- registration12m -->
  <testcase name="changeAttributesForSubscribedUser" time="0.0" classname="tests.ChangeAttributesTests">
    <ignored/>
  </testcase> <!-- changeAttributesForSubscribedUser -->
  <testcase name="loginWithSubscribedUser" time="0.0" classname="tests.LoginTests">
    <ignored/>
  </testcase> <!-- loginWithSubscribedUser -->
  <testcase name="getIDToken" time="0.0" classname="tests.GetTokenIdTests">
    <ignored/>
  </testcase> <!-- getIDToken -->
  <testcase name="changeAttributesForRegisteredUser" time="0.0" classname="tests.ChangeAttributesTests">
    <ignored/>
  </testcase> <!-- changeAttributesForRegisteredUser -->
  <testcase name="registration1m" time="0.0" classname="tests.SubscriptionsTests">
    <ignored/>
  </testcase> <!-- registration1m -->
  <testcase name="getContent" time="0.0" classname="tests.ContentTests">
    <ignored/>
  </testcase> <!-- getContent -->
</testsuite> <!-- Test run  and for tests1 groups -->
