<?xml version="1.0" encoding="UTF-8"?>
<!-- Generated by org.testng.reporters.JUnitXMLReporter -->
<testsuite hostname="MC-0126" ignored="0" name="Test" tests="3" failures="0" timestamp="22 May 2019 13:12:39 GMT" time="23.969" errors="0">
  <testcase name="registration12m" time="9.786" classname="tests.SubscriptionsTests"/>
  <testcase name="registration1m" time="7.092" classname="tests.SubscriptionsTests"/>
  <testcase name="registration6m" time="7.001" classname="tests.SubscriptionsTests"/>
</testsuite> <!-- Test -->
