-------------------------------------------------------------------------------
Test set: TestSuite
-------------------------------------------------------------------------------
Tests run: 12, Failures: 6, Errors: 0, Skipped: 0, Time elapsed: 37.698 s <<< FAILURE! - in TestSuite
registration12m(tests.SubscriptionsTests)  Time elapsed: 5.386 s  <<< FAILURE!
com.jayway.jsonpath.PathNotFoundException: No results for path: $['result']
	at tests.SubscriptionsTests.registration12m_aroundBody4(SubscriptionsTests.java:171)
	at tests.SubscriptionsTests.registration12m(SubscriptionsTests.java:141)

registration1m(tests.SubscriptionsTests)  Time elapsed: 1.727 s  <<< FAILURE!
com.jayway.jsonpath.PathNotFoundException: No results for path: $['result']
	at tests.SubscriptionsTests.registration1m_aroundBody0(SubscriptionsTests.java:89)
	at tests.SubscriptionsTests.registration1m(SubscriptionsTests.java:58)

registration6m(tests.SubscriptionsTests)  Time elapsed: 1.672 s  <<< FAILURE!
com.jayway.jsonpath.PathNotFoundException: No results for path: $['result']
	at tests.SubscriptionsTests.registration6m_aroundBody2(SubscriptionsTests.java:131)
	at tests.SubscriptionsTests.registration6m(SubscriptionsTests.java:99)

changePasswordForSubscribedUser(tests.ChangePasswordTests)  Time elapsed: 4.831 s  <<< FAILURE!
com.jayway.jsonpath.PathNotFoundException: No results for path: $['result']
	at tests.ChangePasswordTests.changePasswordForSubscribedUser_aroundBody2(ChangePasswordTests.java:48)
	at tests.ChangePasswordTests.changePasswordForSubscribedUser(ChangePasswordTests.java:48)

loginWithSubscribedUser(tests.LoginTests)  Time elapsed: 4.725 s  <<< FAILURE!
com.jayway.jsonpath.PathNotFoundException: No results for path: $['result']
	at tests.LoginTests.loginWithSubscribedUser_aroundBody0(LoginTests.java:25)
	at tests.LoginTests.loginWithSubscribedUser(LoginTests.java:25)

changeAttributesForSubscribedUser(tests.ChangeAttributesTests)  Time elapsed: 4.82 s  <<< FAILURE!
com.jayway.jsonpath.PathNotFoundException: No results for path: $['result']
	at tests.ChangeAttributesTests.changeAttributesForSubscribedUser_aroundBody0(ChangeAttributesTests.java:28)
	at tests.ChangeAttributesTests.changeAttributesForSubscribedUser(ChangeAttributesTests.java:28)

