-------------------------------------------------------------------------------
Test set: TestSuite
-------------------------------------------------------------------------------
Tests run: 12, Failures: 8, Errors: 0, Skipped: 0, Time elapsed: 28.543 s <<< FAILURE! - in TestSuite
registration1m(tests.SubscriptionsTests)  Time elapsed: 1.412 s  <<< FAILURE!
java.lang.AssertionError: 
The following asserts failed:
	expected [Test] but found [null],
	expected [Test] but found [null],
	expected object to not be null,
	expected object to not be null,
	expected object to not be null,
	expected object to not be null,
	expected object to not be null
	at tests.SubscriptionsTests.registration1m_aroundBody0(SubscriptionsTests.java:64)
	at tests.SubscriptionsTests.registration1m(SubscriptionsTests.java:58)

registration6m(tests.SubscriptionsTests)  Time elapsed: 0.822 s  <<< FAILURE!
java.lang.AssertionError: 
The following asserts failed:
	expected [Test] but found [null],
	expected [Test] but found [null],
	expected object to not be null,
	expected object to not be null,
	expected object to not be null,
	expected object to not be null,
	expected object to not be null,
	expected [Test] but found [null],
	expected [Test] but found [null],
	expected object to not be null,
	expected object to not be null,
	expected object to not be null,
	expected object to not be null,
	expected object to not be null
	at tests.SubscriptionsTests.registration6m_aroundBody2(SubscriptionsTests.java:105)
	at tests.SubscriptionsTests.registration6m(SubscriptionsTests.java:99)

changePasswordForRegisteredUser(tests.ChangePasswordTests)  Time elapsed: 2.14 s  <<< FAILURE!
java.lang.AssertionError: 
The following asserts failed:
	expected [Test] but found [null],
	expected [Test] but found [null],
	expected object to not be null,
	expected object to not be null,
	expected object to not be null,
	expected object to not be null,
	expected object to not be null,
	expected [Test] but found [null],
	expected [Test] but found [null],
	expected object to not be null,
	expected object to not be null,
	expected object to not be null,
	expected object to not be null,
	expected object to not be null
	at tests.ChangePasswordTests.changePasswordForRegisteredUser_aroundBody0(ChangePasswordTests.java:28)
	at tests.ChangePasswordTests.changePasswordForRegisteredUser(ChangePasswordTests.java:28)

changePasswordForSubscribedUser(tests.ChangePasswordTests)  Time elapsed: 2.958 s  <<< FAILURE!
java.lang.AssertionError: 
The following asserts failed:
	expected [Test] but found [null],
	expected [Test] but found [null],
	expected object to not be null,
	expected object to not be null,
	expected object to not be null,
	expected object to not be null,
	expected object to not be null,
	expected [Test] but found [null],
	expected [Test] but found [null],
	expected object to not be null,
	expected object to not be null,
	expected object to not be null,
	expected object to not be null,
	expected object to not be null
	at tests.ChangePasswordTests.changePasswordForSubscribedUser_aroundBody2(ChangePasswordTests.java:48)
	at tests.ChangePasswordTests.changePasswordForSubscribedUser(ChangePasswordTests.java:48)

loginWithRegisteredUser(tests.LoginTests)  Time elapsed: 1.991 s  <<< FAILURE!
java.lang.AssertionError: 
The following asserts failed:
	expected [Test] but found [null],
	expected [Test] but found [null],
	expected object to not be null,
	expected object to not be null,
	expected object to not be null,
	expected object to not be null,
	expected object to not be null,
	expected [Test] but found [null],
	expected [Test] but found [null],
	expected object to not be null,
	expected object to not be null,
	expected object to not be null,
	expected object to not be null,
	expected object to not be null
	at tests.LoginTests.loginWithRegisteredUser_aroundBody2(LoginTests.java:40)
	at tests.LoginTests.loginWithRegisteredUser(LoginTests.java:40)

loginWithSubscribedUser(tests.LoginTests)  Time elapsed: 2.545 s  <<< FAILURE!
java.lang.AssertionError: 
The following asserts failed:
	expected [Test] but found [null],
	expected [Test] but found [null],
	expected object to not be null,
	expected object to not be null,
	expected object to not be null,
	expected object to not be null,
	expected object to not be null,
	expected [Test] but found [null],
	expected [Test] but found [null],
	expected object to not be null,
	expected object to not be null,
	expected object to not be null,
	expected object to not be null,
	expected object to not be null
	at tests.LoginTests.loginWithSubscribedUser_aroundBody0(LoginTests.java:25)
	at tests.LoginTests.loginWithSubscribedUser(LoginTests.java:25)

changeAttributesForRegisteredUser(tests.ChangeAttributesTests)  Time elapsed: 2.322 s  <<< FAILURE!
java.lang.AssertionError: 
The following asserts failed:
	expected [Test] but found [null],
	expected [Test] but found [null],
	expected object to not be null,
	expected object to not be null,
	expected object to not be null,
	expected object to not be null,
	expected object to not be null,
	expected [Test] but found [null],
	expected [Test] but found [null],
	expected object to not be null,
	expected object to not be null,
	expected object to not be null,
	expected object to not be null,
	expected object to not be null
	at tests.ChangeAttributesTests.changeAttributesForRegisteredUser_aroundBody2(ChangeAttributesTests.java:50)
	at tests.ChangeAttributesTests.changeAttributesForRegisteredUser(ChangeAttributesTests.java:50)

changeAttributesForSubscribedUser(tests.ChangeAttributesTests)  Time elapsed: 2.294 s  <<< FAILURE!
java.lang.AssertionError: 
The following asserts failed:
	expected [Test] but found [null],
	expected [Test] but found [null],
	expected object to not be null,
	expected object to not be null,
	expected object to not be null,
	expected object to not be null,
	expected object to not be null,
	expected [Test] but found [null],
	expected [Test] but found [null],
	expected object to not be null,
	expected object to not be null,
	expected object to not be null,
	expected object to not be null,
	expected object to not be null
	at tests.ChangeAttributesTests.changeAttributesForSubscribedUser_aroundBody0(ChangeAttributesTests.java:28)
	at tests.ChangeAttributesTests.changeAttributesForSubscribedUser(ChangeAttributesTests.java:28)

