<?xml version="1.0" encoding="UTF-8"?>
<testsuite xmlns:xsi="http://www.w3.org/2001/XMLSchema-instance" xsi:noNamespaceSchemaLocation="https://maven.apache.org/surefire/maven-surefire-plugin/xsd/surefire-test-report.xsd" name="TestSuite" time="25.256" tests="4" errors="0" skipped="0" failures="3">
  <properties>
[...]
</properties>
  <testcase name="freeRegister" classname="APITest" time="21.027">
    <failure message="The following asserts failed:&#10;	expected [Test] but found [null],&#10;	expected [Test] but found [null],&#10;	expected object to not be null,&#10;	expected object to not be null,&#10;	expected object to not be null,&#10;	expected object to not be null,&#10;	expected object to not be null,&#10;	expected object to not be null,&#10;	expected object to not be null" type="java.lang.AssertionError">java.lang.AssertionError: 
The following asserts failed:
	expected [Test] but found [null],
	expected [Test] but found [null],
	expected object to not be null,
	expected object to not be null,
	expected object to not be null,
	expected object to not be null,
	expected object to not be null,
	expected object to not be null,
	expected object to not be null
	at APITest.freeRegister_aroundBody2(APITest.java:38)
	at APITest.freeRegister(APITest.java:27)
</failure>
  </testcase>
  <testcase name="getIDToken" classname="APITest" time="0.914"/>
  <testcase name="loginWithRegisteredUser" classname="LoginTests" time="0.598">
    <failure message="The following asserts failed:&#10;	expected [Test] but found [null],&#10;	expected [Test] but found [null],&#10;	expected object to not be null,&#10;	expected object to not be null,&#10;	expected object to not be null,&#10;	expected object to not be null,&#10;	expected object to not be null,&#10;	expected object to not be null,&#10;	expected object to not be null" type="java.lang.AssertionError">java.lang.AssertionError: 
The following asserts failed:
	expected [Test] but found [null],
	expected [Test] but found [null],
	expected object to not be null,
	expected object to not be null,
	expected object to not be null,
	expected object to not be null,
	expected object to not be null,
	expected object to not be null,
	expected object to not be null
	at LoginTests.loginWithRegisteredUser_aroundBody2(LoginTests.java:33)
	at LoginTests.loginWithRegisteredUser(LoginTests.java:33)
</failure>
  </testcase>
  <testcase name="loginWithSubscribedUser" classname="LoginTests" time="1.276">
    <failure message="The following asserts failed:&#10;	expected [Test] but found [null],&#10;	expected [Test] but found [null],&#10;	expected object to not be null,&#10;	expected object to not be null,&#10;	expected object to not be null,&#10;	expected object to not be null,&#10;	expected object to not be null,&#10;	expected object to not be null,&#10;	expected object to not be null" type="java.lang.AssertionError">java.lang.AssertionError: 
The following asserts failed:
	expected [Test] but found [null],
	expected [Test] but found [null],
	expected object to not be null,
	expected object to not be null,
	expected object to not be null,
	expected object to not be null,
	expected object to not be null,
	expected object to not be null,
	expected object to not be null
	at LoginTests.loginWithSubscribedUser_aroundBody0(LoginTests.java:18)
	at LoginTests.loginWithSubscribedUser(LoginTests.java:18)
</failure>
    <system-out><![CDATA[Could not find parameter 0
Could not find parameter 1
Could not find parameter 0
Could not find parameter 1
Could not find parameter 2
]]></system-out>
  </testcase>
</testsuite>