-------------------------------------------------------------------------------
Test set: TestSuite
-------------------------------------------------------------------------------
Tests run: 4, Failures: 3, Errors: 0, Skipped: 0, Time elapsed: 25.256 s <<< FAILURE! - in TestSuite
freeRegister(APITest)  Time elapsed: 21.027 s  <<< FAILURE!
java.lang.AssertionError: 
The following asserts failed:
	expected [Test] but found [null],
	expected [Test] but found [null],
	expected object to not be null,
	expected object to not be null,
	expected object to not be null,
	expected object to not be null,
	expected object to not be null,
	expected object to not be null,
	expected object to not be null
	at APITest.freeRegister_aroundBody2(APITest.java:38)
	at APITest.freeRegister(APITest.java:27)

loginWithRegisteredUser(LoginTests)  Time elapsed: 0.598 s  <<< FAILURE!
java.lang.AssertionError: 
The following asserts failed:
	expected [Test] but found [null],
	expected [Test] but found [null],
	expected object to not be null,
	expected object to not be null,
	expected object to not be null,
	expected object to not be null,
	expected object to not be null,
	expected object to not be null,
	expected object to not be null
	at LoginTests.loginWithRegisteredUser_aroundBody2(LoginTests.java:33)
	at LoginTests.loginWithRegisteredUser(LoginTests.java:33)

loginWithSubscribedUser(LoginTests)  Time elapsed: 1.276 s  <<< FAILURE!
java.lang.AssertionError: 
The following asserts failed:
	expected [Test] but found [null],
	expected [Test] but found [null],
	expected object to not be null,
	expected object to not be null,
	expected object to not be null,
	expected object to not be null,
	expected object to not be null,
	expected object to not be null,
	expected object to not be null
	at LoginTests.loginWithSubscribedUser_aroundBody0(LoginTests.java:18)
	at LoginTests.loginWithSubscribedUser(LoginTests.java:18)

