<?xml version="1.0" encoding="UTF-8"?>
<testsuite xmlns:xsi="http://www.w3.org/2001/XMLSchema-instance" xsi:noNamespaceSchemaLocation="https://maven.apache.org/surefire/maven-surefire-plugin/xsd/surefire-test-report.xsd" name="TestSuite" time="34.007" tests="12" errors="0" skipped="0" failures="10">
  <properties>
[...]
</properties>
  <testcase name="freeRegister" classname="tests.FreeRegisterTests" time="3.611">
    <failure message="The following asserts failed:&#10;	expected [testerujxih@yopmail.com] but found [null]" type="java.lang.AssertionError">java.lang.AssertionError: 
The following asserts failed:
	expected [testerujxih@yopmail.com] but found [null]
	at tests.FreeRegisterTests.freeRegister_aroundBody0(FreeRegisterTests.java:75)
	at tests.FreeRegisterTests.freeRegister(FreeRegisterTests.java:53)
</failure>
    <system-err><![CDATA[SLF4J: Failed to load class "org.slf4j.impl.StaticLoggerBinder".
SLF4J: Defaulting to no-operation (NOP) logger implementation
SLF4J: See http://www.slf4j.org/codes.html#StaticLoggerBinder for further details.
]]></system-err>
  </testcase>
  <testcase name="registration12m" classname="tests.SubscriptionsTests" time="3.03">
    <failure message="The following asserts failed:&#10;	expected [testerujxih@yopmail.com] but found [null],&#10;	expected [testeraj4an@yopmail.com] but found [null]" type="java.lang.AssertionError">java.lang.AssertionError: 
The following asserts failed:
	expected [testerujxih@yopmail.com] but found [null],
	expected [testeraj4an@yopmail.com] but found [null]
	at tests.SubscriptionsTests.registration12m_aroundBody4(SubscriptionsTests.java:143)
	at tests.SubscriptionsTests.registration12m(SubscriptionsTests.java:137)
</failure>
    <system-out><![CDATA[
Request to get ID token: 
curl -v -X POST 'https://api.recurly.com/js/v1/token' -H 'Content-Length:204' -H 'Content-Type:application/json; charset=utf-8' -d '{"first_name": "Instigate", "last_name": "Mobile", "postal_code": "90404", "country": "US", "number": "4111111111111111","month": "12", "year": "2020", "cvv": "132", "key": "ewr1-bBXWWGAuZMiIT4CL76bvwL" }' 

Response: 
{"type":"credit_card","id":"hGweOM3ApWnwwwxaFnJAAg"}
]]></system-out>
  </testcase>
  <testcase name="registration1m" classname="tests.SubscriptionsTests" time="2.183">
    <failure message="No results for path: $[&apos;result&apos;]" type="com.jayway.jsonpath.PathNotFoundException">com.jayway.jsonpath.PathNotFoundException: No results for path: $['result']
	at tests.SubscriptionsTests.registration1m_aroundBody0(SubscriptionsTests.java:85)
	at tests.SubscriptionsTests.registration1m(SubscriptionsTests.java:58)
</failure>
    <system-out><![CDATA[
Request to get ID token: 
curl -v -X POST 'https://api.recurly.com/js/v1/token' -H 'Content-Length:204' -H 'Content-Type:application/json; charset=utf-8' -d '{"first_name": "Instigate", "last_name": "Mobile", "postal_code": "90404", "country": "US", "number": "4111111111111111","month": "12", "year": "2020", "cvv": "132", "key": "ewr1-bBXWWGAuZMiIT4CL76bvwL" }' 

Response: 
{"type":"credit_card","id":"kBEHlJk23iMSGobXvgT9uQ"}
PathNotFoundException
Registration 1m:
curl -v -X POST 'https://connect-checkout-be.qa.openfit.com/v1/subscriptions/new' -H 'Authorization:Bearer null' -H 'Content-Length:132' -H 'Content-Type:application/json; charset=utf-8' -H 'x-api-key:WYvuNYNwZo8LapYoJwwwh18rgJt85tPB8iYDAXSr' -d '{"items":[
	{
	"product_id":1685587853379,
	"variant_id":15447916904515,
	"quantity":1}],
	"token_id":null,
	"access_token":"null"
}' 

Response: {"message":"Unauthorized"}
]]></system-out>
    <system-err><![CDATA[com.jayway.jsonpath.PathNotFoundException: No results for path: $['email']
	at com.jayway.jsonpath.internal.path.EvaluationContextImpl.getValue(EvaluationContextImpl.java:133)
	at com.jayway.jsonpath.JsonPath.read(JsonPath.java:187)
	at com.jayway.jsonpath.internal.JsonContext.read(JsonContext.java:102)
	at com.jayway.jsonpath.internal.JsonContext.read(JsonContext.java:85)
	at com.jayway.jsonpath.JsonPath.read(JsonPath.java:502)
	at util.CheckerMethods.getFreeRegisterResponseContent(CheckerMethods.java:30)
	at tests.FreeRegisterTests.freeRegister_aroundBody0(FreeRegisterTests.java:75)
	at tests.FreeRegisterTests$AjcClosure1.run(FreeRegisterTests.java:1)
	at org.aspectj.runtime.reflect.JoinPointImpl.proceed(JoinPointImpl.java:149)
	at io.qameta.allure.aspects.StepsAspects.step(StepsAspects.java:46)
	at tests.FreeRegisterTests.freeRegister(FreeRegisterTests.java:53)
	at tests.SubscriptionsTests.registration1m_aroundBody0(SubscriptionsTests.java:59)
	at tests.SubscriptionsTests$AjcClosure1.run(SubscriptionsTests.java:1)
	at org.aspectj.runtime.reflect.JoinPointImpl.proceed(JoinPointImpl.java:149)
	at io.qameta.allure.aspects.StepsAspects.step(StepsAspects.java:46)
	at tests.SubscriptionsTests.registration1m(SubscriptionsTests.java:58)
	at sun.reflect.NativeMethodAccessorImpl.invoke0(Native Method)
	at sun.reflect.NativeMethodAccessorImpl.invoke(NativeMethodAccessorImpl.java:62)
	at sun.reflect.DelegatingMethodAccessorImpl.invoke(DelegatingMethodAccessorImpl.java:43)
	at java.lang.reflect.Method.invoke(Method.java:498)
	at org.testng.internal.MethodInvocationHelper.invokeMethod(MethodInvocationHelper.java:124)
	at org.testng.internal.Invoker.invokeMethod(Invoker.java:583)
	at org.testng.internal.Invoker.invokeTestMethod(Invoker.java:719)
	at org.testng.internal.Invoker.invokeTestMethods(Invoker.java:989)
	at org.testng.internal.TestMethodWorker.invokeTestMethods(TestMethodWorker.java:125)
	at org.testng.internal.TestMethodWorker.run(TestMethodWorker.java:109)
	at org.testng.TestRunner.privateRun(TestRunner.java:648)
	at org.testng.TestRunner.run(TestRunner.java:505)
	at org.testng.SuiteRunner.runTest(SuiteRunner.java:455)
	at org.testng.SuiteRunner.runSequentially(SuiteRunner.java:450)
	at org.testng.SuiteRunner.privateRun(SuiteRunner.java:415)
	at org.testng.SuiteRunner.run(SuiteRunner.java:364)
	at org.testng.SuiteRunnerWorker.runSuite(SuiteRunnerWorker.java:52)
	at org.testng.SuiteRunnerWorker.run(SuiteRunnerWorker.java:84)
	at org.testng.TestNG.runSuitesSequentially(TestNG.java:1208)
	at org.testng.TestNG.runSuitesLocally(TestNG.java:1137)
	at org.testng.TestNG.runSuites(TestNG.java:1049)
	at org.testng.TestNG.run(TestNG.java:1017)
	at org.apache.maven.surefire.testng.TestNGExecutor.run(TestNGExecutor.java:135)
	at org.apache.maven.surefire.testng.TestNGDirectoryTestSuite.executeMulti(TestNGDirectoryTestSuite.java:193)
	at org.apache.maven.surefire.testng.TestNGDirectoryTestSuite.execute(TestNGDirectoryTestSuite.java:94)
	at org.apache.maven.surefire.testng.TestNGProvider.invoke(TestNGProvider.java:146)
	at org.apache.maven.surefire.booter.ForkedBooter.invokeProviderInSameClassLoader(ForkedBooter.java:386)
	at org.apache.maven.surefire.booter.ForkedBooter.runSuitesInProcess(ForkedBooter.java:323)
	at org.apache.maven.surefire.booter.ForkedBooter.main(ForkedBooter.java:143)
]]></system-err>
  </testcase>
  <testcase name="registration6m" classname="tests.SubscriptionsTests" time="1.969">
    <failure message="No results for path: $[&apos;result&apos;]" type="com.jayway.jsonpath.PathNotFoundException">com.jayway.jsonpath.PathNotFoundException: No results for path: $['result']
	at tests.SubscriptionsTests.registration6m_aroundBody2(SubscriptionsTests.java:127)
	at tests.SubscriptionsTests.registration6m(SubscriptionsTests.java:95)
</failure>
    <system-out><![CDATA[
Request to get ID token: 
curl -v -X POST 'https://api.recurly.com/js/v1/token' -H 'Content-Length:204' -H 'Content-Type:application/json; charset=utf-8' -d '{"first_name": "Instigate", "last_name": "Mobile", "postal_code": "90404", "country": "US", "number": "4111111111111111","month": "12", "year": "2020", "cvv": "132", "key": "ewr1-bBXWWGAuZMiIT4CL76bvwL" }' 

Response: 
{"type":"credit_card","id":"eylmvrF13zN03jJ1zAQcLg"}
freeRegisterTests PathNotFoundException
Registration 6m:
curl -v -X POST 'https://connect-checkout-be.qa.openfit.com/v1/subscriptions/new' -H 'Authorization:Bearer null' -H 'Content-Length:132' -H 'Content-Type:application/json; charset=utf-8' -H 'x-api-key:WYvuNYNwZo8LapYoJwwwh18rgJt85tPB8iYDAXSr' -d '{"items":[
	{
	"product_id":1685587853379,
	"variant_id":15447916838979,
	"quantity":1}],
	"token_id":null,
	"access_token":"null"
}' 

Response: {"message":"Unauthorized"}
]]></system-out>
    <system-err><![CDATA[com.jayway.jsonpath.PathNotFoundException: No results for path: $['email']
	at com.jayway.jsonpath.internal.path.EvaluationContextImpl.getValue(EvaluationContextImpl.java:133)
	at com.jayway.jsonpath.JsonPath.read(JsonPath.java:187)
	at com.jayway.jsonpath.internal.JsonContext.read(JsonContext.java:102)
	at com.jayway.jsonpath.internal.JsonContext.read(JsonContext.java:85)
	at com.jayway.jsonpath.JsonPath.read(JsonPath.java:502)
	at util.CheckerMethods.getFreeRegisterResponseContent(CheckerMethods.java:30)
	at tests.FreeRegisterTests.freeRegister_aroundBody0(FreeRegisterTests.java:75)
	at tests.FreeRegisterTests$AjcClosure1.run(FreeRegisterTests.java:1)
	at org.aspectj.runtime.reflect.JoinPointImpl.proceed(JoinPointImpl.java:149)
	at io.qameta.allure.aspects.StepsAspects.step(StepsAspects.java:46)
	at tests.FreeRegisterTests.freeRegister(FreeRegisterTests.java:53)
	at tests.SubscriptionsTests.registration6m_aroundBody2(SubscriptionsTests.java:101)
	at tests.SubscriptionsTests$AjcClosure3.run(SubscriptionsTests.java:1)
	at org.aspectj.runtime.reflect.JoinPointImpl.proceed(JoinPointImpl.java:149)
	at io.qameta.allure.aspects.StepsAspects.step(StepsAspects.java:46)
	at tests.SubscriptionsTests.registration6m(SubscriptionsTests.java:95)
	at sun.reflect.NativeMethodAccessorImpl.invoke0(Native Method)
	at sun.reflect.NativeMethodAccessorImpl.invoke(NativeMethodAccessorImpl.java:62)
	at sun.reflect.DelegatingMethodAccessorImpl.invoke(DelegatingMethodAccessorImpl.java:43)
	at java.lang.reflect.Method.invoke(Method.java:498)
	at org.testng.internal.MethodInvocationHelper.invokeMethod(MethodInvocationHelper.java:124)
	at org.testng.internal.Invoker.invokeMethod(Invoker.java:583)
	at org.testng.internal.Invoker.invokeTestMethod(Invoker.java:719)
	at org.testng.internal.Invoker.invokeTestMethods(Invoker.java:989)
	at org.testng.internal.TestMethodWorker.invokeTestMethods(TestMethodWorker.java:125)
	at org.testng.internal.TestMethodWorker.run(TestMethodWorker.java:109)
	at org.testng.TestRunner.privateRun(TestRunner.java:648)
	at org.testng.TestRunner.run(TestRunner.java:505)
	at org.testng.SuiteRunner.runTest(SuiteRunner.java:455)
	at org.testng.SuiteRunner.runSequentially(SuiteRunner.java:450)
	at org.testng.SuiteRunner.privateRun(SuiteRunner.java:415)
	at org.testng.SuiteRunner.run(SuiteRunner.java:364)
	at org.testng.SuiteRunnerWorker.runSuite(SuiteRunnerWorker.java:52)
	at org.testng.SuiteRunnerWorker.run(SuiteRunnerWorker.java:84)
	at org.testng.TestNG.runSuitesSequentially(TestNG.java:1208)
	at org.testng.TestNG.runSuitesLocally(TestNG.java:1137)
	at org.testng.TestNG.runSuites(TestNG.java:1049)
	at org.testng.TestNG.run(TestNG.java:1017)
	at org.apache.maven.surefire.testng.TestNGExecutor.run(TestNGExecutor.java:135)
	at org.apache.maven.surefire.testng.TestNGDirectoryTestSuite.executeMulti(TestNGDirectoryTestSuite.java:193)
	at org.apache.maven.surefire.testng.TestNGDirectoryTestSuite.execute(TestNGDirectoryTestSuite.java:94)
	at org.apache.maven.surefire.testng.TestNGProvider.invoke(TestNGProvider.java:146)
	at org.apache.maven.surefire.booter.ForkedBooter.invokeProviderInSameClassLoader(ForkedBooter.java:386)
	at org.apache.maven.surefire.booter.ForkedBooter.runSuitesInProcess(ForkedBooter.java:323)
	at org.apache.maven.surefire.booter.ForkedBooter.main(ForkedBooter.java:143)
]]></system-err>
  </testcase>
  <testcase name="getIDToken" classname="tests.GetTokenIdTests" time="0.732"/>
  <testcase name="changePasswordForRegisteredUser" classname="tests.ChangePasswordTests" time="2.197">
    <failure message="The following asserts failed:&#10;	expected [testerujxih@yopmail.com] but found [null],&#10;	expected [testeraj4an@yopmail.com] but found [null],&#10;	expected [testerm7f56@yopmail.com] but found [null]" type="java.lang.AssertionError">java.lang.AssertionError: 
The following asserts failed:
	expected [testerujxih@yopmail.com] but found [null],
	expected [testeraj4an@yopmail.com] but found [null],
	expected [testerm7f56@yopmail.com] but found [null]
	at tests.ChangePasswordTests.changePasswordForRegisteredUser_aroundBody0(ChangePasswordTests.java:28)
	at tests.ChangePasswordTests.changePasswordForRegisteredUser(ChangePasswordTests.java:28)
</failure>
  </testcase>
  <testcase name="changePasswordForSubscribedUser" classname="tests.ChangePasswordTests" time="8.973">
    <failure message="The following asserts failed:&#10;	expected [testerujxih@yopmail.com] but found [null],&#10;	expected [testeraj4an@yopmail.com] but found [null],&#10;	expected [testerm7f56@yopmail.com] but found [null],&#10;	expected [testeryc63y@yopmail.com] but found [null]" type="java.lang.AssertionError">java.lang.AssertionError: 
The following asserts failed:
	expected [testerujxih@yopmail.com] but found [null],
	expected [testeraj4an@yopmail.com] but found [null],
	expected [testerm7f56@yopmail.com] but found [null],
	expected [testeryc63y@yopmail.com] but found [null]
	at tests.ChangePasswordTests.changePasswordForSubscribedUser_aroundBody2(ChangePasswordTests.java:48)
	at tests.ChangePasswordTests.changePasswordForSubscribedUser(ChangePasswordTests.java:48)
</failure>
    <system-out><![CDATA[
Request to get ID token: 
curl -v -X POST 'https://api.recurly.com/js/v1/token' -H 'Content-Length:204' -H 'Content-Type:application/json; charset=utf-8' -d '{"first_name": "Instigate", "last_name": "Mobile", "postal_code": "90404", "country": "US", "number": "4111111111111111","month": "12", "year": "2020", "cvv": "132", "key": "ewr1-bBXWWGAuZMiIT4CL76bvwL" }' 

Response: 
{"type":"credit_card","id":"aSaLE9QHHVKjehAdTMTTBw"}
]]></system-out>
  </testcase>
  <testcase name="loginWithRegisteredUser" classname="tests.LoginTests" time="2.47">
    <failure message="The following asserts failed:&#10;	expected [testerujxih@yopmail.com] but found [null],&#10;	expected [testeraj4an@yopmail.com] but found [null],&#10;	expected [testerm7f56@yopmail.com] but found [null],&#10;	expected [testeryc63y@yopmail.com] but found [null],&#10;	expected [testerymmht@yopmail.com] but found [null]" type="java.lang.AssertionError">java.lang.AssertionError: 
The following asserts failed:
	expected [testerujxih@yopmail.com] but found [null],
	expected [testeraj4an@yopmail.com] but found [null],
	expected [testerm7f56@yopmail.com] but found [null],
	expected [testeryc63y@yopmail.com] but found [null],
	expected [testerymmht@yopmail.com] but found [null]
	at tests.LoginTests.loginWithRegisteredUser_aroundBody2(LoginTests.java:40)
	at tests.LoginTests.loginWithRegisteredUser(LoginTests.java:40)
</failure>
  </testcase>
  <testcase name="loginWithSubscribedUser" classname="tests.LoginTests" time="2.894">
    <failure message="The following asserts failed:&#10;	expected [testerujxih@yopmail.com] but found [null],&#10;	expected [testeraj4an@yopmail.com] but found [null],&#10;	expected [testerm7f56@yopmail.com] but found [null],&#10;	expected [testeryc63y@yopmail.com] but found [null],&#10;	expected [testerymmht@yopmail.com] but found [null],&#10;	expected [testerffbm3@yopmail.com] but found [null]" type="java.lang.AssertionError">java.lang.AssertionError: 
The following asserts failed:
	expected [testerujxih@yopmail.com] but found [null],
	expected [testeraj4an@yopmail.com] but found [null],
	expected [testerm7f56@yopmail.com] but found [null],
	expected [testeryc63y@yopmail.com] but found [null],
	expected [testerymmht@yopmail.com] but found [null],
	expected [testerffbm3@yopmail.com] but found [null]
	at tests.LoginTests.loginWithSubscribedUser_aroundBody0(LoginTests.java:25)
	at tests.LoginTests.loginWithSubscribedUser(LoginTests.java:25)
</failure>
    <system-out><![CDATA[
Request to get ID token: 
curl -v -X POST 'https://api.recurly.com/js/v1/token' -H 'Content-Length:204' -H 'Content-Type:application/json; charset=utf-8' -d '{"first_name": "Instigate", "last_name": "Mobile", "postal_code": "90404", "country": "US", "number": "4111111111111111","month": "12", "year": "2020", "cvv": "132", "key": "ewr1-bBXWWGAuZMiIT4CL76bvwL" }' 

Response: 
{"type":"credit_card","id":"SrKjcSHP1PoFpWAfcGrc2A"}
]]></system-out>
  </testcase>
  <testcase name="changeAttributesForRegisteredUser" classname="tests.ChangeAttributesTests" time="2.124">
    <failure message="The following asserts failed:&#10;	expected [testerujxih@yopmail.com] but found [null],&#10;	expected [testeraj4an@yopmail.com] but found [null],&#10;	expected [testerm7f56@yopmail.com] but found [null],&#10;	expected [testeryc63y@yopmail.com] but found [null],&#10;	expected [testerymmht@yopmail.com] but found [null],&#10;	expected [testerffbm3@yopmail.com] but found [null],&#10;	expected [testerhsgcf@yopmail.com] but found [null]" type="java.lang.AssertionError">java.lang.AssertionError: 
The following asserts failed:
	expected [testerujxih@yopmail.com] but found [null],
	expected [testeraj4an@yopmail.com] but found [null],
	expected [testerm7f56@yopmail.com] but found [null],
	expected [testeryc63y@yopmail.com] but found [null],
	expected [testerymmht@yopmail.com] but found [null],
	expected [testerffbm3@yopmail.com] but found [null],
	expected [testerhsgcf@yopmail.com] but found [null]
	at tests.ChangeAttributesTests.changeAttributesForRegisteredUser_aroundBody2(ChangeAttributesTests.java:50)
	at tests.ChangeAttributesTests.changeAttributesForRegisteredUser(ChangeAttributesTests.java:50)
</failure>
  </testcase>
  <testcase name="changeAttributesForSubscribedUser" classname="tests.ChangeAttributesTests" time="2.79">
    <failure message="The following asserts failed:&#10;	expected [testerujxih@yopmail.com] but found [null],&#10;	expected [testeraj4an@yopmail.com] but found [null],&#10;	expected [testerm7f56@yopmail.com] but found [null],&#10;	expected [testeryc63y@yopmail.com] but found [null],&#10;	expected [testerymmht@yopmail.com] but found [null],&#10;	expected [testerffbm3@yopmail.com] but found [null],&#10;	expected [testerhsgcf@yopmail.com] but found [null],&#10;	expected [testerzddet@yopmail.com] but found [null]" type="java.lang.AssertionError">java.lang.AssertionError: 
The following asserts failed:
	expected [testerujxih@yopmail.com] but found [null],
	expected [testeraj4an@yopmail.com] but found [null],
	expected [testerm7f56@yopmail.com] but found [null],
	expected [testeryc63y@yopmail.com] but found [null],
	expected [testerymmht@yopmail.com] but found [null],
	expected [testerffbm3@yopmail.com] but found [null],
	expected [testerhsgcf@yopmail.com] but found [null],
	expected [testerzddet@yopmail.com] but found [null]
	at tests.ChangeAttributesTests.changeAttributesForSubscribedUser_aroundBody0(ChangeAttributesTests.java:28)
	at tests.ChangeAttributesTests.changeAttributesForSubscribedUser(ChangeAttributesTests.java:28)
</failure>
    <system-out><![CDATA[
Request to get ID token: 
curl -v -X POST 'https://api.recurly.com/js/v1/token' -H 'Content-Length:204' -H 'Content-Type:application/json; charset=utf-8' -d '{"first_name": "Instigate", "last_name": "Mobile", "postal_code": "90404", "country": "US", "number": "4111111111111111","month": "12", "year": "2020", "cvv": "132", "key": "ewr1-bBXWWGAuZMiIT4CL76bvwL" }' 

Response: 
{"type":"credit_card","id":"myMll8T3BFjsa7UagJDVaA"}
]]></system-out>
  </testcase>
  <testcase name="getContent" classname="tests.ContentTests" time="0.001"/>
</testsuite>