<?xml version="1.0" encoding="UTF-8"?>
<testng-results skipped="0" failed="0" ignored="0" total="1" passed="1">
  <reporter-output>
  </reporter-output>
  <suite name="API test run" duration-ms="3437" started-at="2019-06-14T06:23:13Z" finished-at="2019-06-14T06:23:17Z">
    <groups>
    </groups>
    <test name="Test run for FreeRegisterTests classes" duration-ms="3437" started-at="2019-06-14T06:23:13Z" finished-at="2019-06-14T06:23:17Z">
      <class name="FreeRegisterTests">
        <test-method status="PASS" signature="freeRegister()[pri:0, instance:FreeRegisterTests@160ac7fb]" name="freeRegister" duration-ms="3294" started-at="2019-06-14T06:23:13Z" finished-at="2019-06-14T06:23:17Z">
          <reporter-output>
          </reporter-output>
        </test-method> <!-- freeRegister -->
      </class> <!-- FreeRegisterTests -->
    </test> <!-- Test run for FreeRegisterTests classes -->
  </suite> <!-- API test run -->
</testng-results>
